0 info it worked if it ends with ok
1 verbose cli [ 'C:\\Program Files\\nodejs\\node.exe',
1 verbose cli   'C:\\Program Files\\nodejs\\node_modules\\npm\\bin\\npm-cli.js',
1 verbose cli   'install',
1 verbose cli   'node-demux',
1 verbose cli   '--msvc_version=2013' ]
2 info using npm@2.15.0
3 info using node@v4.4.2
4 verbose install initial load of C:\Users\lpoon2\Documents\GitHub\ClassroomLiveStream\package.json
5 verbose installManyTop reading scoped package data from C:\Users\lpoon2\Documents\GitHub\ClassroomLiveStream\node_modules\bcrypt-nodejs\package.json
6 verbose installManyTop reading scoped package data from C:\Users\lpoon2\Documents\GitHub\ClassroomLiveStream\node_modules\body-parser\package.json
7 verbose installManyTop reading scoped package data from C:\Users\lpoon2\Documents\GitHub\ClassroomLiveStream\node_modules\child_process\package.json
8 verbose installManyTop reading scoped package data from C:\Users\lpoon2\Documents\GitHub\ClassroomLiveStream\node_modules\connect-flash\package.json
9 verbose installManyTop reading scoped package data from C:\Users\lpoon2\Documents\GitHub\ClassroomLiveStream\node_modules\cookie-parser\package.json
10 verbose installManyTop reading scoped package data from C:\Users\lpoon2\Documents\GitHub\ClassroomLiveStream\node_modules\cowsay\package.json
11 verbose installManyTop reading scoped package data from C:\Users\lpoon2\Documents\GitHub\ClassroomLiveStream\node_modules\events\package.json
12 verbose installManyTop reading scoped package data from C:\Users\lpoon2\Documents\GitHub\ClassroomLiveStream\node_modules\express\package.json
13 verbose installManyTop reading scoped package data from C:\Users\lpoon2\Documents\GitHub\ClassroomLiveStream\node_modules\express-session\package.json
14 verbose installManyTop reading scoped package data from C:\Users\lpoon2\Documents\GitHub\ClassroomLiveStream\node_modules\http\package.json
15 verbose installManyTop reading scoped package data from C:\Users\lpoon2\Documents\GitHub\ClassroomLiveStream\node_modules\method-override\package.json
16 verbose installManyTop reading scoped package data from C:\Users\lpoon2\Documents\GitHub\ClassroomLiveStream\node_modules\mongoose\package.json
17 verbose installManyTop reading scoped package data from C:\Users\lpoon2\Documents\GitHub\ClassroomLiveStream\node_modules\morgan\package.json
18 verbose installManyTop reading scoped package data from C:\Users\lpoon2\Documents\GitHub\ClassroomLiveStream\node_modules\oauth\package.json
19 verbose installManyTop reading scoped package data from C:\Users\lpoon2\Documents\GitHub\ClassroomLiveStream\node_modules\qs\package.json
20 verbose installManyTop reading scoped package data from C:\Users\lpoon2\Documents\GitHub\ClassroomLiveStream\node_modules\rtsp-server\package.json
21 verbose installManyTop reading scoped package data from C:\Users\lpoon2\Documents\GitHub\ClassroomLiveStream\node_modules\socket.io\package.json
22 verbose installManyTop reading scoped package data from C:\Users\lpoon2\Documents\GitHub\ClassroomLiveStream\node_modules\toastr\package.json
23 verbose installManyTop reading scoped package data from C:\Users\lpoon2\Documents\GitHub\ClassroomLiveStream\node_modules\util\package.json
24 info package.json child_process@1.0.2 child_process is also the name of a node core module.
25 info package.json cowsay@1.1.8 No license field.
26 info package.json http@0.0.0 http is also the name of a node core module.
27 info package.json http@0.0.0 No description
28 info package.json http@0.0.0 No repository field.
29 info package.json http@0.0.0 No README data
30 info package.json bcrypt-nodejs@0.0.3 No license field.
31 info package.json connect-flash@0.1.1 No license field.
32 info package.json events@1.1.1 events is also the name of a node core module.
33 info package.json oauth@0.9.14 No license field.
34 info package.json toastr@2.1.2 No license field.
35 info package.json util@0.10.3 util is also the name of a node core module.
36 verbose readDependencies loading dependencies from C:\Users\lpoon2\Documents\GitHub\ClassroomLiveStream\package.json
37 silly cache add args [ 'node-demux', null ]
38 verbose cache add spec node-demux
39 silly cache add parsed spec Result {
39 silly cache add   raw: 'node-demux',
39 silly cache add   scope: null,
39 silly cache add   name: 'node-demux',
39 silly cache add   rawSpec: '',
39 silly cache add   spec: 'latest',
39 silly cache add   type: 'tag' }
40 silly addNamed node-demux@latest
41 verbose addNamed "latest" is being treated as a dist-tag for node-demux
42 info addNameTag [ 'node-demux', 'latest' ]
43 silly mapToRegistry name node-demux
44 silly mapToRegistry using default registry
45 silly mapToRegistry registry http://registry.npmjs.org/
46 silly mapToRegistry data Result {
46 silly mapToRegistry   raw: 'node-demux',
46 silly mapToRegistry   scope: null,
46 silly mapToRegistry   name: 'node-demux',
46 silly mapToRegistry   rawSpec: '',
46 silly mapToRegistry   spec: 'latest',
46 silly mapToRegistry   type: 'tag' }
47 silly mapToRegistry uri http://registry.npmjs.org/node-demux
48 verbose addNameTag registry:http://registry.npmjs.org/node-demux not in flight; fetching
49 verbose request uri http://registry.npmjs.org/node-demux
50 verbose request no auth needed
51 info attempt registry request try #1 at 2:59:16 AM
52 verbose request id 17f90ca25acc71c2
53 verbose etag W/"575ee4f0-4c27"
54 verbose lastModified Mon, 13 Jun 2016 16:53:04 GMT
55 http request GET http://registry.npmjs.org/node-demux
56 http 304 http://registry.npmjs.org/node-demux
57 verbose headers { date: 'Tue, 29 Nov 2016 08:59:08 GMT',
57 verbose headers   via: '1.1 varnish',
57 verbose headers   'cache-control': 'max-age=300',
57 verbose headers   etag: 'W/"575ee4f0-4c27"',
57 verbose headers   age: '190',
57 verbose headers   connection: 'keep-alive',
57 verbose headers   'x-served-by': 'cache-ord1738-ORD',
57 verbose headers   'x-cache': 'HIT',
57 verbose headers   'x-cache-hits': '1',
57 verbose headers   'x-timer': 'S1480409948.229155,VS0,VE0',
57 verbose headers   vary: 'Accept-Encoding' }
58 silly get cb [ 304,
58 silly get   { date: 'Tue, 29 Nov 2016 08:59:08 GMT',
58 silly get     via: '1.1 varnish',
58 silly get     'cache-control': 'max-age=300',
58 silly get     etag: 'W/"575ee4f0-4c27"',
58 silly get     age: '190',
58 silly get     connection: 'keep-alive',
58 silly get     'x-served-by': 'cache-ord1738-ORD',
58 silly get     'x-cache': 'HIT',
58 silly get     'x-cache-hits': '1',
58 silly get     'x-timer': 'S1480409948.229155,VS0,VE0',
58 silly get     vary: 'Accept-Encoding' } ]
59 verbose etag http://registry.npmjs.org/node-demux from cache
60 verbose get saving node-demux to C:\Users\lpoon2\AppData\Roaming\npm-cache\registry.npmjs.org\node-demux\.cache.json
61 verbose correctMkdir C:\Users\lpoon2\AppData\Roaming\npm-cache correctMkdir not in flight; initializing
62 silly addNameTag next cb for node-demux with tag latest
63 silly addNamed node-demux@1.1.0
64 verbose addNamed "1.1.0" is a plain semver version for node-demux
65 silly cache afterAdd node-demux@1.1.0
66 verbose afterAdd C:\Users\lpoon2\AppData\Roaming\npm-cache\node-demux\1.1.0\package\package.json not in flight; writing
67 verbose correctMkdir C:\Users\lpoon2\AppData\Roaming\npm-cache correctMkdir not in flight; initializing
68 verbose afterAdd C:\Users\lpoon2\AppData\Roaming\npm-cache\node-demux\1.1.0\package\package.json written
69 silly install resolved [ { name: 'node-demux',
69 silly install resolved     version: '1.1.0',
69 silly install resolved     description: 'Video Demuxer',
69 silly install resolved     main: 'index.js',
69 silly install resolved     repository:
69 silly install resolved      { type: 'git',
69 silly install resolved        url: 'git://github.com/tmarrinan/node-demux.git' },
69 silly install resolved     dependencies: { nan: '^2.3.5' },
69 silly install resolved     keywords: [ 'video', 'demux', 'nan' ],
69 silly install resolved     author: { name: 'Thomas Marrinan' },
69 silly install resolved     license: 'BSD-3-Clause',
69 silly install resolved     scripts: { install: 'node-gyp rebuild' },
69 silly install resolved     gypfile: true,
69 silly install resolved     gitHead: '91c9a9ff0758059b5c3cca97eb25d0643feeb434',
69 silly install resolved     bugs: { url: 'https://github.com/tmarrinan/node-demux/issues' },
69 silly install resolved     homepage: 'https://github.com/tmarrinan/node-demux#readme',
69 silly install resolved     _id: 'node-demux@1.1.0',
69 silly install resolved     _shasum: '6d3752ca2cae0c14f980082dedeea675d05f430c',
69 silly install resolved     _from: 'node-demux@latest',
69 silly install resolved     _npmVersion: '3.3.12',
69 silly install resolved     _nodeVersion: '5.1.1',
69 silly install resolved     _npmUser: { name: 'tmarrinan', email: 'thomas.j.marrinan@gmail.com' },
69 silly install resolved     dist:
69 silly install resolved      { shasum: '6d3752ca2cae0c14f980082dedeea675d05f430c',
69 silly install resolved        tarball: 'https://registry.npmjs.org/node-demux/-/node-demux-1.1.0.tgz' },
69 silly install resolved     maintainers: [ [Object] ],
69 silly install resolved     _npmOperationalInternal:
69 silly install resolved      { host: 'packages-12-west.internal.npmjs.com',
69 silly install resolved        tmp: 'tmp/node-demux-1.1.0.tgz_1465836780587_0.834696727572009' },
69 silly install resolved     directories: {},
69 silly install resolved     _resolved: 'http://registry.npmjs.org/node-demux/-/node-demux-1.1.0.tgz',
69 silly install resolved     readme: 'ERROR: No README data found!' } ]
70 info install node-demux@1.1.0 into C:\Users\lpoon2\Documents\GitHub\ClassroomLiveStream
71 info installOne node-demux@1.1.0
72 verbose installOne of node-demux to C:\Users\lpoon2\Documents\GitHub\ClassroomLiveStream not in flight; installing
73 verbose correctMkdir C:\Users\lpoon2\AppData\Roaming\npm-cache\_locks correctMkdir not in flight; initializing
74 verbose lock using C:\Users\lpoon2\AppData\Roaming\npm-cache\_locks\node-demux-2cf301ef407d318b.lock for C:\Users\lpoon2\Documents\GitHub\ClassroomLiveStream\node_modules\node-demux
75 silly install write writing node-demux 1.1.0 to C:\Users\lpoon2\Documents\GitHub\ClassroomLiveStream\node_modules\node-demux
76 verbose unbuild node_modules\node-demux
77 silly gentlyRm C:\Users\lpoon2\Documents\GitHub\ClassroomLiveStream\node_modules\node-demux is being purged from base C:\Users\lpoon2\Documents\GitHub\ClassroomLiveStream
78 verbose gentlyRm don't care about contents; nuking C:\Users\lpoon2\Documents\GitHub\ClassroomLiveStream\node_modules\node-demux
79 verbose tar unpack C:\Users\lpoon2\AppData\Roaming\npm-cache\node-demux\1.1.0\package.tgz
80 verbose tar unpacking to C:\Users\lpoon2\Documents\GitHub\ClassroomLiveStream\node_modules\node-demux
81 silly gentlyRm C:\Users\lpoon2\Documents\GitHub\ClassroomLiveStream\node_modules\node-demux is being purged
82 verbose gentlyRm don't care about contents; nuking C:\Users\lpoon2\Documents\GitHub\ClassroomLiveStream\node_modules\node-demux
83 silly gunzTarPerm modes [ '777', '666' ]
84 silly gunzTarPerm extractEntry package.json
85 silly gunzTarPerm modified mode [ 'package.json', 420, 438 ]
86 silly gunzTarPerm extractEntry README.md
87 silly gunzTarPerm modified mode [ 'README.md', 420, 438 ]
88 silly gunzTarPerm extractEntry LICENSE
89 silly gunzTarPerm modified mode [ 'LICENSE', 420, 438 ]
90 silly gunzTarPerm extractEntry index.js
91 silly gunzTarPerm modified mode [ 'index.js', 420, 438 ]
92 silly gunzTarPerm extractEntry binding.gyp
93 silly gunzTarPerm modified mode [ 'binding.gyp', 420, 438 ]
94 silly gunzTarPerm extractEntry demuxbaton.cc
95 silly gunzTarPerm modified mode [ 'demuxbaton.cc', 420, 438 ]
96 silly gunzTarPerm extractEntry demuxbaton.h
97 silly gunzTarPerm modified mode [ 'demuxbaton.h', 420, 438 ]
98 silly gunzTarPerm extractEntry demuxworker.cc
99 silly gunzTarPerm modified mode [ 'demuxworker.cc', 420, 438 ]
100 silly gunzTarPerm extractEntry demuxworker.h
101 silly gunzTarPerm modified mode [ 'demuxworker.h', 420, 438 ]
102 silly gunzTarPerm extractEntry example/example-frames.js
103 silly gunzTarPerm modified mode [ 'example/example-frames.js', 420, 438 ]
104 silly gunzTarPerm extractEntry example/example.js
105 silly gunzTarPerm modified mode [ 'example/example.js', 420, 438 ]
106 silly gunzTarPerm extractEntry example/big-buck-bunny_trailer.mp4
107 silly gunzTarPerm modified mode [ 'example/big-buck-bunny_trailer.mp4', 420, 438 ]
108 silly gunzTarPerm extractEntry .travis.yml
109 silly gunzTarPerm modified mode [ '.travis.yml', 420, 438 ]
110 silly gunzTarPerm extractEntry loadworker.cc
111 silly gunzTarPerm modified mode [ 'loadworker.cc', 420, 438 ]
112 silly gunzTarPerm extractEntry loadworker.h
113 silly gunzTarPerm modified mode [ 'loadworker.h', 420, 438 ]
114 silly gunzTarPerm extractEntry node-demux.cc
115 silly gunzTarPerm modified mode [ 'node-demux.cc', 420, 438 ]
116 silly gunzTarPerm extractEntry node-videodemux.cc
117 silly gunzTarPerm modified mode [ 'node-videodemux.cc', 420, 438 ]
118 silly gunzTarPerm extractEntry node-videodemux.h
119 silly gunzTarPerm modified mode [ 'node-videodemux.h', 420, 438 ]
120 silly gunzTarPerm extractEntry appveyor.yml
121 silly gunzTarPerm modified mode [ 'appveyor.yml', 420, 438 ]
122 silly gunzTarPerm extractEntry seekworker.cc
123 silly gunzTarPerm modified mode [ 'seekworker.cc', 420, 438 ]
124 silly gunzTarPerm extractEntry seekworker.h
125 silly gunzTarPerm modified mode [ 'seekworker.h', 420, 438 ]
126 silly gunzTarPerm extractEntry videoframe.cc
127 silly gunzTarPerm modified mode [ 'videoframe.cc', 420, 438 ]
128 silly gunzTarPerm extractEntry videoframe.h
129 silly gunzTarPerm modified mode [ 'videoframe.h', 420, 438 ]
130 verbose write writing to C:\Users\lpoon2\Documents\GitHub\ClassroomLiveStream\node_modules\node-demux\package.json
131 info preinstall node-demux@1.1.0
132 verbose readDependencies loading dependencies from C:\Users\lpoon2\Documents\GitHub\ClassroomLiveStream\node_modules\node-demux\package.json
133 silly prepareForInstallMany adding nan@^2.3.5 from node-demux dependencies
134 verbose readDependencies loading dependencies from C:\Users\lpoon2\Documents\GitHub\ClassroomLiveStream\node_modules\node-demux\package.json
135 silly cache add args [ 'nan@^2.3.5', null ]
136 verbose cache add spec nan@^2.3.5
137 silly cache add parsed spec Result {
137 silly cache add   raw: 'nan@^2.3.5',
137 silly cache add   scope: null,
137 silly cache add   name: 'nan',
137 silly cache add   rawSpec: '^2.3.5',
137 silly cache add   spec: '>=2.3.5 <3.0.0',
137 silly cache add   type: 'range' }
138 silly addNamed nan@>=2.3.5 <3.0.0
139 verbose addNamed ">=2.3.5 <3.0.0" is a valid semver range for nan
140 silly addNameRange { name: 'nan', range: '>=2.3.5 <3.0.0', hasData: false }
141 silly mapToRegistry name nan
142 silly mapToRegistry using default registry
143 silly mapToRegistry registry http://registry.npmjs.org/
144 silly mapToRegistry data Result {
144 silly mapToRegistry   raw: 'nan',
144 silly mapToRegistry   scope: null,
144 silly mapToRegistry   name: 'nan',
144 silly mapToRegistry   rawSpec: '',
144 silly mapToRegistry   spec: 'latest',
144 silly mapToRegistry   type: 'tag' }
145 silly mapToRegistry uri http://registry.npmjs.org/nan
146 verbose addNameRange registry:http://registry.npmjs.org/nan not in flight; fetching
147 verbose request uri http://registry.npmjs.org/nan
148 verbose request no auth needed
149 info attempt registry request try #1 at 2:59:16 AM
150 verbose etag W/"5818d749-1ce1e"
151 verbose lastModified Tue, 01 Nov 2016 17:56:25 GMT
152 http request GET http://registry.npmjs.org/nan
153 http 304 http://registry.npmjs.org/nan
154 verbose headers { date: 'Tue, 29 Nov 2016 08:59:08 GMT',
154 verbose headers   via: '1.1 varnish',
154 verbose headers   'cache-control': 'max-age=300',
154 verbose headers   etag: 'W/"5818d749-1ce1e"',
154 verbose headers   age: '34',
154 verbose headers   connection: 'keep-alive',
154 verbose headers   'x-served-by': 'cache-ord1738-ORD',
154 verbose headers   'x-cache': 'HIT',
154 verbose headers   'x-cache-hits': '1',
154 verbose headers   'x-timer': 'S1480409948.583194,VS0,VE0',
154 verbose headers   vary: 'Accept-Encoding' }
155 silly get cb [ 304,
155 silly get   { date: 'Tue, 29 Nov 2016 08:59:08 GMT',
155 silly get     via: '1.1 varnish',
155 silly get     'cache-control': 'max-age=300',
155 silly get     etag: 'W/"5818d749-1ce1e"',
155 silly get     age: '34',
155 silly get     connection: 'keep-alive',
155 silly get     'x-served-by': 'cache-ord1738-ORD',
155 silly get     'x-cache': 'HIT',
155 silly get     'x-cache-hits': '1',
155 silly get     'x-timer': 'S1480409948.583194,VS0,VE0',
155 silly get     vary: 'Accept-Encoding' } ]
156 verbose etag http://registry.npmjs.org/nan from cache
157 verbose get saving nan to C:\Users\lpoon2\AppData\Roaming\npm-cache\registry.npmjs.org\nan\.cache.json
158 verbose correctMkdir C:\Users\lpoon2\AppData\Roaming\npm-cache correctMkdir not in flight; initializing
159 silly addNameRange number 2 { name: 'nan', range: '>=2.3.5 <3.0.0', hasData: true }
160 silly addNameRange versions [ 'nan',
160 silly addNameRange   [ '0.3.0-wip',
160 silly addNameRange     '0.3.0-wip2',
160 silly addNameRange     '0.3.0',
160 silly addNameRange     '0.3.1',
160 silly addNameRange     '0.3.2',
160 silly addNameRange     '0.4.0',
160 silly addNameRange     '0.4.1',
160 silly addNameRange     '0.4.2',
160 silly addNameRange     '0.4.3',
160 silly addNameRange     '0.4.4',
160 silly addNameRange     '0.5.0',
160 silly addNameRange     '0.5.1',
160 silly addNameRange     '0.5.2',
160 silly addNameRange     '0.6.0',
160 silly addNameRange     '0.7.0',
160 silly addNameRange     '0.7.1',
160 silly addNameRange     '0.8.0',
160 silly addNameRange     '1.0.0',
160 silly addNameRange     '1.1.0',
160 silly addNameRange     '1.1.1',
160 silly addNameRange     '1.1.2',
160 silly addNameRange     '1.2.0',
160 silly addNameRange     '1.3.0',
160 silly addNameRange     '1.4.0',
160 silly addNameRange     '1.4.1',
160 silly addNameRange     '1.5.0',
160 silly addNameRange     '1.4.2',
160 silly addNameRange     '1.4.3',
160 silly addNameRange     '1.5.1',
160 silly addNameRange     '1.5.2',
160 silly addNameRange     '1.6.0',
160 silly addNameRange     '1.5.3',
160 silly addNameRange     '1.6.1',
160 silly addNameRange     '1.6.2',
160 silly addNameRange     '1.7.0',
160 silly addNameRange     '1.8.0',
160 silly addNameRange     '1.8.1',
160 silly addNameRange     '1.8.2',
160 silly addNameRange     '1.8.3',
160 silly addNameRange     '1.8.4',
160 silly addNameRange     '1.9.0',
160 silly addNameRange     '2.0.0',
160 silly addNameRange     '2.0.1',
160 silly addNameRange     '2.0.2',
160 silly addNameRange     '2.0.3',
160 silly addNameRange     '2.0.4',
160 silly addNameRange     '2.0.5',
160 silly addNameRange     '2.0.6',
160 silly addNameRange     '2.0.7',
160 silly addNameRange     '2.0.8',
160 silly addNameRange     '2.0.9',
160 silly addNameRange     '2.1.0',
160 silly addNameRange     '2.2.0',
160 silly addNameRange     '2.2.1',
160 silly addNameRange     '2.3.0',
160 silly addNameRange     '2.3.1',
160 silly addNameRange     '2.3.2',
160 silly addNameRange     '2.3.3',
160 silly addNameRange     '2.3.4',
160 silly addNameRange     '2.3.5',
160 silly addNameRange     '2.4.0' ] ]
161 silly addNamed nan@2.4.0
162 verbose addNamed "2.4.0" is a plain semver version for nan
163 silly cache afterAdd nan@2.4.0
164 verbose afterAdd C:\Users\lpoon2\AppData\Roaming\npm-cache\nan\2.4.0\package\package.json not in flight; writing
165 verbose correctMkdir C:\Users\lpoon2\AppData\Roaming\npm-cache correctMkdir not in flight; initializing
166 verbose afterAdd C:\Users\lpoon2\AppData\Roaming\npm-cache\nan\2.4.0\package\package.json written
167 silly install resolved [ { name: 'nan',
167 silly install resolved     version: '2.4.0',
167 silly install resolved     description: 'Native Abstractions for Node.js: C++ header for Node 0.8 -> 6 compatibility',
167 silly install resolved     main: 'include_dirs.js',
167 silly install resolved     repository: { type: 'git', url: 'git://github.com/nodejs/nan.git' },
167 silly install resolved     scripts:
167 silly install resolved      { test: 'tap --gc --stderr test/js/*-test.js',
167 silly install resolved        'rebuild-tests': 'node-gyp rebuild --msvs_version=2013 --directory test',
167 silly install resolved        docs: 'doc/.build.sh' },
167 silly install resolved     contributors:
167 silly install resolved      [ [Object],
167 silly install resolved        [Object],
167 silly install resolved        [Object],
167 silly install resolved        [Object],
167 silly install resolved        [Object],
167 silly install resolved        [Object],
167 silly install resolved        [Object] ],
167 silly install resolved     devDependencies:
167 silly install resolved      { bindings: '~1.2.1',
167 silly install resolved        commander: '^2.8.1',
167 silly install resolved        glob: '^5.0.14',
167 silly install resolved        'node-gyp': '~3.0.1',
167 silly install resolved        'readable-stream': '^2.1.4',
167 silly install resolved        tap: '~0.7.1',
167 silly install resolved        xtend: '~4.0.0' },
167 silly install resolved     license: 'MIT',
167 silly install resolved     bugs: { url: 'https://github.com/nodejs/nan/issues' },
167 silly install resolved     homepage: 'https://github.com/nodejs/nan#readme',
167 silly install resolved     _id: 'nan@2.4.0',
167 silly install resolved     _shasum: 'fb3c59d45fe4effe215f0b890f8adf6eb32d2232',
167 silly install resolved     _resolved: 'http://registry.npmjs.org/nan/-/nan-2.4.0.tgz',
167 silly install resolved     _from: 'nan@>=2.3.5 <3.0.0',
167 silly install resolved     _npmVersion: '3.3.6',
167 silly install resolved     _nodeVersion: '5.0.0',
167 silly install resolved     _npmUser: { name: 'kkoopa', email: 'bbyholm@abo.fi' },
167 silly install resolved     dist:
167 silly install resolved      { shasum: 'fb3c59d45fe4effe215f0b890f8adf6eb32d2232',
167 silly install resolved        tarball: 'https://registry.npmjs.org/nan/-/nan-2.4.0.tgz' },
167 silly install resolved     maintainers: [ [Object], [Object] ],
167 silly install resolved     _npmOperationalInternal:
167 silly install resolved      { host: 'packages-16-east.internal.npmjs.com',
167 silly install resolved        tmp: 'tmp/nan-2.4.0.tgz_1468158679820_0.6951719264034182' },
167 silly install resolved     directories: {},
167 silly install resolved     readme: 'ERROR: No README data found!' } ]
168 info install nan@2.4.0 into C:\Users\lpoon2\Documents\GitHub\ClassroomLiveStream\node_modules\node-demux
169 info installOne nan@2.4.0
170 verbose installOne of nan to C:\Users\lpoon2\Documents\GitHub\ClassroomLiveStream\node_modules\node-demux not in flight; installing
171 verbose correctMkdir C:\Users\lpoon2\AppData\Roaming\npm-cache\_locks correctMkdir not in flight; initializing
172 verbose lock using C:\Users\lpoon2\AppData\Roaming\npm-cache\_locks\nan-2fdc08cba497012e.lock for C:\Users\lpoon2\Documents\GitHub\ClassroomLiveStream\node_modules\node-demux\node_modules\nan
173 silly install write writing nan 2.4.0 to C:\Users\lpoon2\Documents\GitHub\ClassroomLiveStream\node_modules\node-demux\node_modules\nan
174 verbose unbuild node_modules\node-demux\node_modules\nan
175 silly gentlyRm C:\Users\lpoon2\Documents\GitHub\ClassroomLiveStream\node_modules\node-demux\node_modules\nan is being purged from base C:\Users\lpoon2\Documents\GitHub\ClassroomLiveStream
176 verbose gentlyRm don't care about contents; nuking C:\Users\lpoon2\Documents\GitHub\ClassroomLiveStream\node_modules\node-demux\node_modules\nan
177 verbose tar unpack C:\Users\lpoon2\AppData\Roaming\npm-cache\nan\2.4.0\package.tgz
178 verbose tar unpacking to C:\Users\lpoon2\Documents\GitHub\ClassroomLiveStream\node_modules\node-demux\node_modules\nan
179 silly gentlyRm C:\Users\lpoon2\Documents\GitHub\ClassroomLiveStream\node_modules\node-demux\node_modules\nan is being purged
180 verbose gentlyRm don't care about contents; nuking C:\Users\lpoon2\Documents\GitHub\ClassroomLiveStream\node_modules\node-demux\node_modules\nan
181 silly gunzTarPerm modes [ '777', '666' ]
182 silly gunzTarPerm extractEntry package.json
183 silly gunzTarPerm modified mode [ 'package.json', 436, 438 ]
184 silly gunzTarPerm extractEntry README.md
185 silly gunzTarPerm modified mode [ 'README.md', 436, 438 ]
186 silly gunzTarPerm extractEntry include_dirs.js
187 silly gunzTarPerm modified mode [ 'include_dirs.js', 436, 438 ]
188 silly gunzTarPerm extractEntry nan_callbacks_pre_12_inl.h
189 silly gunzTarPerm modified mode [ 'nan_callbacks_pre_12_inl.h', 436, 438 ]
190 silly gunzTarPerm extractEntry CHANGELOG.md
191 silly gunzTarPerm modified mode [ 'CHANGELOG.md', 436, 438 ]
192 silly gunzTarPerm extractEntry LICENSE.md
193 silly gunzTarPerm modified mode [ 'LICENSE.md', 436, 438 ]
194 silly gunzTarPerm extractEntry doc/node_misc.md
195 silly gunzTarPerm modified mode [ 'doc/node_misc.md', 436, 438 ]
196 silly gunzTarPerm extractEntry doc/asyncworker.md
197 silly gunzTarPerm modified mode [ 'doc/asyncworker.md', 436, 438 ]
198 silly gunzTarPerm extractEntry doc/callback.md
199 silly gunzTarPerm modified mode [ 'doc/callback.md', 436, 438 ]
200 silly gunzTarPerm extractEntry doc/converters.md
201 silly gunzTarPerm modified mode [ 'doc/converters.md', 436, 438 ]
202 silly gunzTarPerm extractEntry doc/errors.md
203 silly gunzTarPerm modified mode [ 'doc/errors.md', 436, 438 ]
204 silly gunzTarPerm extractEntry doc/maybe_types.md
205 silly gunzTarPerm modified mode [ 'doc/maybe_types.md', 436, 438 ]
206 silly gunzTarPerm extractEntry doc/methods.md
207 silly gunzTarPerm modified mode [ 'doc/methods.md', 436, 438 ]
208 silly gunzTarPerm extractEntry doc/new.md
209 silly gunzTarPerm modified mode [ 'doc/new.md', 436, 438 ]
210 silly gunzTarPerm extractEntry doc/buffers.md
211 silly gunzTarPerm modified mode [ 'doc/buffers.md', 436, 438 ]
212 silly gunzTarPerm extractEntry doc/object_wrappers.md
213 silly gunzTarPerm modified mode [ 'doc/object_wrappers.md', 436, 438 ]
214 silly gunzTarPerm extractEntry doc/persistent.md
215 silly gunzTarPerm modified mode [ 'doc/persistent.md', 436, 438 ]
216 silly gunzTarPerm extractEntry doc/scopes.md
217 silly gunzTarPerm modified mode [ 'doc/scopes.md', 436, 438 ]
218 silly gunzTarPerm extractEntry doc/script.md
219 silly gunzTarPerm modified mode [ 'doc/script.md', 436, 438 ]
220 silly gunzTarPerm extractEntry doc/string_bytes.md
221 silly gunzTarPerm modified mode [ 'doc/string_bytes.md', 436, 438 ]
222 silly gunzTarPerm extractEntry doc/v8_internals.md
223 silly gunzTarPerm modified mode [ 'doc/v8_internals.md', 436, 438 ]
224 silly gunzTarPerm extractEntry doc/v8_misc.md
225 silly gunzTarPerm modified mode [ 'doc/v8_misc.md', 436, 438 ]
226 silly gunzTarPerm extractEntry nan.h
227 silly gunzTarPerm modified mode [ 'nan.h', 436, 438 ]
228 silly gunzTarPerm extractEntry nan_callbacks.h
229 silly gunzTarPerm modified mode [ 'nan_callbacks.h', 436, 438 ]
230 silly gunzTarPerm extractEntry nan_callbacks_12_inl.h
231 silly gunzTarPerm modified mode [ 'nan_callbacks_12_inl.h', 436, 438 ]
232 silly gunzTarPerm extractEntry nan_converters.h
233 silly gunzTarPerm modified mode [ 'nan_converters.h', 436, 438 ]
234 silly gunzTarPerm extractEntry nan_converters_43_inl.h
235 silly gunzTarPerm modified mode [ 'nan_converters_43_inl.h', 436, 438 ]
236 silly gunzTarPerm extractEntry nan_converters_pre_43_inl.h
237 silly gunzTarPerm modified mode [ 'nan_converters_pre_43_inl.h', 436, 438 ]
238 silly gunzTarPerm extractEntry nan_implementation_12_inl.h
239 silly gunzTarPerm modified mode [ 'nan_implementation_12_inl.h', 436, 438 ]
240 silly gunzTarPerm extractEntry nan_implementation_pre_12_inl.h
241 silly gunzTarPerm modified mode [ 'nan_implementation_pre_12_inl.h', 436, 438 ]
242 silly gunzTarPerm extractEntry nan_maybe_43_inl.h
243 silly gunzTarPerm modified mode [ 'nan_maybe_43_inl.h', 436, 438 ]
244 silly gunzTarPerm extractEntry nan_maybe_pre_43_inl.h
245 silly gunzTarPerm modified mode [ 'nan_maybe_pre_43_inl.h', 436, 438 ]
246 silly gunzTarPerm extractEntry nan_new.h
247 silly gunzTarPerm modified mode [ 'nan_new.h', 436, 438 ]
248 silly gunzTarPerm extractEntry nan_object_wrap.h
249 silly gunzTarPerm modified mode [ 'nan_object_wrap.h', 436, 438 ]
250 silly gunzTarPerm extractEntry nan_persistent_12_inl.h
251 silly gunzTarPerm modified mode [ 'nan_persistent_12_inl.h', 436, 438 ]
252 silly gunzTarPerm extractEntry nan_persistent_pre_12_inl.h
253 silly gunzTarPerm modified mode [ 'nan_persistent_pre_12_inl.h', 436, 438 ]
254 silly gunzTarPerm extractEntry nan_string_bytes.h
255 silly gunzTarPerm modified mode [ 'nan_string_bytes.h', 436, 438 ]
256 silly gunzTarPerm extractEntry nan_typedarray_contents.h
257 silly gunzTarPerm modified mode [ 'nan_typedarray_contents.h', 436, 438 ]
258 silly gunzTarPerm extractEntry nan_weak.h
259 silly gunzTarPerm modified mode [ 'nan_weak.h', 436, 438 ]
260 silly gunzTarPerm extractEntry tools/package.json
261 silly gunzTarPerm modified mode [ 'tools/package.json', 436, 438 ]
262 silly gunzTarPerm extractEntry tools/README.md
263 silly gunzTarPerm modified mode [ 'tools/README.md', 436, 438 ]
264 silly gunzTarPerm extractEntry tools/1to2.js
265 silly gunzTarPerm modified mode [ 'tools/1to2.js', 509, 511 ]
266 verbose write writing to C:\Users\lpoon2\Documents\GitHub\ClassroomLiveStream\node_modules\node-demux\node_modules\nan\package.json
267 info preinstall nan@2.4.0
268 verbose readDependencies loading dependencies from C:\Users\lpoon2\Documents\GitHub\ClassroomLiveStream\node_modules\node-demux\node_modules\nan\package.json
269 verbose readDependencies loading dependencies from C:\Users\lpoon2\Documents\GitHub\ClassroomLiveStream\node_modules\node-demux\node_modules\nan\package.json
270 silly install resolved []
271 verbose about to build C:\Users\lpoon2\Documents\GitHub\ClassroomLiveStream\node_modules\node-demux\node_modules\nan
272 info build C:\Users\lpoon2\Documents\GitHub\ClassroomLiveStream\node_modules\node-demux\node_modules\nan
273 info linkStuff nan@2.4.0
274 silly linkStuff nan@2.4.0 has C:\Users\lpoon2\Documents\GitHub\ClassroomLiveStream\node_modules\node-demux\node_modules as its parent node_modules
275 verbose linkBins nan@2.4.0
276 verbose linkMans nan@2.4.0
277 verbose rebuildBundles nan@2.4.0
278 info install nan@2.4.0
279 info postinstall nan@2.4.0
280 verbose unlock done using C:\Users\lpoon2\AppData\Roaming\npm-cache\_locks\nan-2fdc08cba497012e.lock for C:\Users\lpoon2\Documents\GitHub\ClassroomLiveStream\node_modules\node-demux\node_modules\nan
281 verbose about to build C:\Users\lpoon2\Documents\GitHub\ClassroomLiveStream\node_modules\node-demux
282 info build C:\Users\lpoon2\Documents\GitHub\ClassroomLiveStream\node_modules\node-demux
283 info linkStuff node-demux@1.1.0
284 silly linkStuff node-demux@1.1.0 has C:\Users\lpoon2\Documents\GitHub\ClassroomLiveStream\node_modules as its parent node_modules
285 verbose linkBins node-demux@1.1.0
286 verbose linkMans node-demux@1.1.0
287 verbose rebuildBundles node-demux@1.1.0
288 verbose rebuildBundles [ 'nan' ]
289 info install node-demux@1.1.0
290 verbose unsafe-perm in lifecycle true
291 info node-demux@1.1.0 Failed to exec install script
292 verbose unlock done using C:\Users\lpoon2\AppData\Roaming\npm-cache\_locks\node-demux-2cf301ef407d318b.lock for C:\Users\lpoon2\Documents\GitHub\ClassroomLiveStream\node_modules\node-demux
293 verbose stack Error: node-demux@1.1.0 install: `node-gyp rebuild`
293 verbose stack Exit status 1
293 verbose stack     at EventEmitter.<anonymous> (C:\Program Files\nodejs\node_modules\npm\lib\utils\lifecycle.js:217:16)
293 verbose stack     at emitTwo (events.js:87:13)
293 verbose stack     at EventEmitter.emit (events.js:172:7)
293 verbose stack     at ChildProcess.<anonymous> (C:\Program Files\nodejs\node_modules\npm\lib\utils\spawn.js:24:14)
293 verbose stack     at emitTwo (events.js:87:13)
293 verbose stack     at ChildProcess.emit (events.js:172:7)
293 verbose stack     at maybeClose (internal/child_process.js:827:16)
293 verbose stack     at Process.ChildProcess._handle.onexit (internal/child_process.js:211:5)
294 verbose pkgid node-demux@1.1.0
295 verbose cwd C:\Users\lpoon2\Documents\GitHub\ClassroomLiveStream
296 error Windows_NT 10.0.14393
297 error argv "C:\\Program Files\\nodejs\\node.exe" "C:\\Program Files\\nodejs\\node_modules\\npm\\bin\\npm-cli.js" "install" "node-demux" "--msvc_version=2013"
298 error node v4.4.2
299 error npm  v2.15.0
300 error code ELIFECYCLE
301 error node-demux@1.1.0 install: `node-gyp rebuild`
301 error Exit status 1
302 error Failed at the node-demux@1.1.0 install script 'node-gyp rebuild'.
302 error This is most likely a problem with the node-demux package,
302 error not with npm itself.
302 error Tell the author that this fails on your system:
302 error     node-gyp rebuild
302 error You can get information on how to open an issue for this project with:
302 error     npm bugs node-demux
302 error Or if that isn't available, you can get their info via:
302 error
302 error     npm owner ls node-demux
302 error There is likely additional logging output above.
303 verbose exit [ 1, true ]
304 verbose unbuild node_modules\node-demux
305 info preuninstall node-demux@1.1.0
306 info uninstall node-demux@1.1.0
307 verbose unbuild rmStuff node-demux@1.1.0 from C:\Users\lpoon2\Documents\GitHub\ClassroomLiveStream\node_modules
308 info postuninstall node-demux@1.1.0
309 silly gentlyRm C:\Users\lpoon2\Documents\GitHub\ClassroomLiveStream\node_modules\node-demux is being purged from base C:\Users\lpoon2\Documents\GitHub\ClassroomLiveStream
310 verbose gentlyRm don't care about contents; nuking C:\Users\lpoon2\Documents\GitHub\ClassroomLiveStream\node_modules\node-demux
311 silly vacuum-fs purging C:\Users\lpoon2\Documents\GitHub\ClassroomLiveStream\node_modules\node-demux
312 silly vacuum-fs quitting because other entries in C:\Users\lpoon2\Documents\GitHub\ClassroomLiveStream\node_modules
